<?xml version="1.0" encoding="UTF-8"?>
<!-- Generated by org.testng.reporters.JUnitReportReporter -->
<testsuite hostname="om-HP-Notebook" failures="0" tests="2" name="com.qa.tests.demoTests" time="33.346" errors="0" timestamp="2023-11-18T22:16:25 IST" skipped="0">
  <testcase classname="com.qa.tests.demoTests" name="Login" time="21.056"/>
  <testcase classname="com.qa.tests.demoTests" name="Logout" time="12.290"/>
</testsuite> <!-- com.qa.tests.demoTests -->
